<?xml version="1.0" encoding="UTF-8"?>
<!-- Generated by org.testng.reporters.JUnitReportReporter -->
<testsuite hostname="PNM-031" failures="0" tests="1" name="com.amazon.testcases.HybridAppExample" time="10.559" errors="0" timestamp="2024-08-20T17:28:07 IST" skipped="0">
  <testcase classname="com.amazon.testcases.HybridAppExample" name="SeekBarHandle" time="10.559"/>
</testsuite> <!-- com.amazon.testcases.HybridAppExample -->
